Created by PLY version 3.11 (http://www.dabeaz.com/ply)

Unused terminals:

    BR
    NOT
    PARENTHESE
    STAR
    UNKNOWN

Grammar

Rule 0     S' -> entries
Rule 1     entries -> entry
Rule 2     entries -> entry moreentries
Rule 3     moreentries -> entry
Rule 4     moreentries -> entry moreentries
Rule 5     entry -> SP exp EP
Rule 6     entry -> SP exps EP
Rule 7     entry -> SBQ entries EBQ
Rule 8     exps -> exp
Rule 9     exps -> exp SEP moreexp
Rule 10    moreexp -> exp
Rule 11    moreexp -> exp SEP moreexp
Rule 12    exp -> common
Rule 13    exp -> common_bold
Rule 14    exp -> place
Rule 15    exp -> descriptions
Rule 16    exp -> person
Rule 17    exp -> page
Rule 18    exp -> voirs
Rule 19    common_bold -> SSTRONG words ESTRONG
Rule 20    common -> word
Rule 21    place -> SEM words EEM
Rule 22    place -> SEM words EEM parenthese
Rule 23    person -> SSC word ESC
Rule 24    person -> SSC descriptions ESC
Rule 25    person -> SSC word SEP word ESC
Rule 26    person -> SSC word SEP descriptions ESC
Rule 27    person -> SSC descriptions SEP word ESC
Rule 28    person -> SSC descriptions SEP descriptions ESC
Rule 29    cross -> SPA CROSS EPA
Rule 30    title -> WORD SS WORD ES
Rule 31    page -> numberminus
Rule 32    page -> NUMBERP
Rule 33    page -> NUMBER
Rule 34    numberminus -> NUMBER MINUS NUMBER
Rule 35    numberminus -> NUMBER MINUS NUMBERP
Rule 36    numberminus -> NUMBERP MINUS NUMBER
Rule 37    numberminus -> NUMBERP MINUS NUMBERP
Rule 38    voirs -> VOIR AUSSI rest_voir_aussis
Rule 39    voirs -> VOIR rest_voir_aussis
Rule 40    rest_voir_aussis -> exp
Rule 41    rest_voir_aussis -> exp SEP rest_voir_aussis
Rule 42    type2 -> SSC words ESC
Rule 43    type2 -> SSTRONG words ESTRONG
Rule 44    type2 -> SEM words EEM
Rule 45    type2 -> words
Rule 46    words -> word
Rule 47    words -> word moreword
Rule 48    words -> word SEP moreword
Rule 49    moreword -> word
Rule 50    moreword -> word moreword
Rule 51    moreword -> word SEP moreword
Rule 52    word -> WORD
Rule 53    word -> parenthese
Rule 54    parenthese -> SPA parenthesecontents EPA
Rule 55    parenthese -> SSB parenthesecontents ESB
Rule 56    parenthese -> SPA voirs EPA
Rule 57    parenthesecontents -> parenthesecontent
Rule 58    parenthesecontents -> parenthesecontent moreparenthesecontent
Rule 59    moreparenthesecontent -> parenthesecontent
Rule 60    moreparenthesecontent -> parenthesecontent moreparenthesecontent
Rule 61    parenthesecontent -> words
Rule 62    parenthesecontent -> DOT
Rule 63    parenthesecontent -> SEP
Rule 64    parenthesecontent -> MINUS
Rule 65    parenthesecontent -> APOSTROPHE
Rule 66    parenthesecontent -> NUMBER
Rule 67    descriptions -> description
Rule 68    descriptions -> description moredescription
Rule 69    moredescription -> description
Rule 70    moredescription -> description moredescription
Rule 71    description -> WORD
Rule 72    description -> SLASH
Rule 73    description -> cross
Rule 74    description -> title
Rule 75    description -> MINUS
Rule 76    description -> APOSTROPHE
Rule 77    description -> parenthese

Terminals, with rules where they appear

APOSTROPHE           : 65 76
AUSSI                : 38
BR                   : 
CROSS                : 29
DOT                  : 62
EBQ                  : 7
EEM                  : 21 22 44
EP                   : 5 6
EPA                  : 29 54 56
ES                   : 30
ESB                  : 55
ESC                  : 23 24 25 26 27 28 42
ESTRONG              : 19 43
MINUS                : 34 35 36 37 64 75
NOT                  : 
NUMBER               : 33 34 34 35 36 66
NUMBERP              : 32 35 36 37 37
PARENTHESE           : 
SBQ                  : 7
SEM                  : 21 22 44
SEP                  : 9 11 25 26 27 28 41 48 51 63
SLASH                : 72
SP                   : 5 6
SPA                  : 29 54 56
SS                   : 30
SSB                  : 55
SSC                  : 23 24 25 26 27 28 42
SSTRONG              : 19 43
STAR                 : 
UNKNOWN              : 
VOIR                 : 38 39
WORD                 : 30 30 52 71
error                : 

Nonterminals, with rules where they appear

common               : 12
common_bold          : 13
cross                : 73
description          : 67 68 69 70
descriptions         : 15 24 26 27 28 28
entries              : 7 0
entry                : 1 2 3 4
exp                  : 5 8 9 10 11 40 41
exps                 : 6
moredescription      : 68 70
moreentries          : 2 4
moreexp              : 9 11
moreparenthesecontent : 58 60
moreword             : 47 48 50 51
numberminus          : 31
page                 : 17
parenthese           : 22 53 77
parenthesecontent    : 57 58 59 60
parenthesecontents   : 54 55
person               : 16
place                : 14
rest_voir_aussis     : 38 39 41
title                : 74
type2                : 
voirs                : 18 56
word                 : 20 23 25 25 26 27 46 47 48 49 50 51
words                : 19 21 22 42 43 44 45 61

Parsing method: LALR

state 0

    (0) S' -> . entries
    (1) entries -> . entry
    (2) entries -> . entry moreentries
    (5) entry -> . SP exp EP
    (6) entry -> . SP exps EP
    (7) entry -> . SBQ entries EBQ

    SP              shift and go to state 3
    SBQ             shift and go to state 4

    entries                        shift and go to state 1
    entry                          shift and go to state 2

state 1

    (0) S' -> entries .



state 2

    (1) entries -> entry .
    (2) entries -> entry . moreentries
    (3) moreentries -> . entry
    (4) moreentries -> . entry moreentries
    (5) entry -> . SP exp EP
    (6) entry -> . SP exps EP
    (7) entry -> . SBQ entries EBQ

    $end            reduce using rule 1 (entries -> entry .)
    EBQ             reduce using rule 1 (entries -> entry .)
    SP              shift and go to state 3
    SBQ             shift and go to state 4

    entry                          shift and go to state 5
    moreentries                    shift and go to state 6

state 3

    (5) entry -> SP . exp EP
    (6) entry -> SP . exps EP
    (12) exp -> . common
    (13) exp -> . common_bold
    (14) exp -> . place
    (15) exp -> . descriptions
    (16) exp -> . person
    (17) exp -> . page
    (18) exp -> . voirs
    (8) exps -> . exp
    (9) exps -> . exp SEP moreexp
    (20) common -> . word
    (19) common_bold -> . SSTRONG words ESTRONG
    (21) place -> . SEM words EEM
    (22) place -> . SEM words EEM parenthese
    (67) descriptions -> . description
    (68) descriptions -> . description moredescription
    (23) person -> . SSC word ESC
    (24) person -> . SSC descriptions ESC
    (25) person -> . SSC word SEP word ESC
    (26) person -> . SSC word SEP descriptions ESC
    (27) person -> . SSC descriptions SEP word ESC
    (28) person -> . SSC descriptions SEP descriptions ESC
    (31) page -> . numberminus
    (32) page -> . NUMBERP
    (33) page -> . NUMBER
    (38) voirs -> . VOIR AUSSI rest_voir_aussis
    (39) voirs -> . VOIR rest_voir_aussis
    (52) word -> . WORD
    (53) word -> . parenthese
    (71) description -> . WORD
    (72) description -> . SLASH
    (73) description -> . cross
    (74) description -> . title
    (75) description -> . MINUS
    (76) description -> . APOSTROPHE
    (77) description -> . parenthese
    (34) numberminus -> . NUMBER MINUS NUMBER
    (35) numberminus -> . NUMBER MINUS NUMBERP
    (36) numberminus -> . NUMBERP MINUS NUMBER
    (37) numberminus -> . NUMBERP MINUS NUMBERP
    (54) parenthese -> . SPA parenthesecontents EPA
    (55) parenthese -> . SSB parenthesecontents ESB
    (56) parenthese -> . SPA voirs EPA
    (29) cross -> . SPA CROSS EPA
    (30) title -> . WORD SS WORD ES

    SSTRONG         shift and go to state 17
    SEM             shift and go to state 18
    SSC             shift and go to state 21
    NUMBERP         shift and go to state 23
    NUMBER          shift and go to state 24
    VOIR            shift and go to state 25
    WORD            shift and go to state 26
    SLASH           shift and go to state 27
    MINUS           shift and go to state 30
    APOSTROPHE      shift and go to state 31
    SPA             shift and go to state 32
    SSB             shift and go to state 33

    exp                            shift and go to state 7
    exps                           shift and go to state 8
    common                         shift and go to state 9
    common_bold                    shift and go to state 10
    place                          shift and go to state 11
    descriptions                   shift and go to state 12
    person                         shift and go to state 13
    page                           shift and go to state 14
    voirs                          shift and go to state 15
    word                           shift and go to state 16
    parenthese                     shift and go to state 19
    description                    shift and go to state 20
    numberminus                    shift and go to state 22
    cross                          shift and go to state 28
    title                          shift and go to state 29

state 4

    (7) entry -> SBQ . entries EBQ
    (1) entries -> . entry
    (2) entries -> . entry moreentries
    (5) entry -> . SP exp EP
    (6) entry -> . SP exps EP
    (7) entry -> . SBQ entries EBQ

    SP              shift and go to state 3
    SBQ             shift and go to state 4

    entries                        shift and go to state 34
    entry                          shift and go to state 2

state 5

    (3) moreentries -> entry .
    (4) moreentries -> entry . moreentries
    (3) moreentries -> . entry
    (4) moreentries -> . entry moreentries
    (5) entry -> . SP exp EP
    (6) entry -> . SP exps EP
    (7) entry -> . SBQ entries EBQ

    $end            reduce using rule 3 (moreentries -> entry .)
    EBQ             reduce using rule 3 (moreentries -> entry .)
    SP              shift and go to state 3
    SBQ             shift and go to state 4

    entry                          shift and go to state 5
    moreentries                    shift and go to state 35

state 6

    (2) entries -> entry moreentries .

    $end            reduce using rule 2 (entries -> entry moreentries .)
    EBQ             reduce using rule 2 (entries -> entry moreentries .)


state 7

    (5) entry -> SP exp . EP
    (8) exps -> exp .
    (9) exps -> exp . SEP moreexp

  ! shift/reduce conflict for EP resolved as shift
    EP              shift and go to state 36
    SEP             shift and go to state 37

  ! EP              [ reduce using rule 8 (exps -> exp .) ]


state 8

    (6) entry -> SP exps . EP

    EP              shift and go to state 38


state 9

    (12) exp -> common .

    EP              reduce using rule 12 (exp -> common .)
    SEP             reduce using rule 12 (exp -> common .)
    EPA             reduce using rule 12 (exp -> common .)


state 10

    (13) exp -> common_bold .

    EP              reduce using rule 13 (exp -> common_bold .)
    SEP             reduce using rule 13 (exp -> common_bold .)
    EPA             reduce using rule 13 (exp -> common_bold .)


state 11

    (14) exp -> place .

    EP              reduce using rule 14 (exp -> place .)
    SEP             reduce using rule 14 (exp -> place .)
    EPA             reduce using rule 14 (exp -> place .)


state 12

    (15) exp -> descriptions .

    EP              reduce using rule 15 (exp -> descriptions .)
    SEP             reduce using rule 15 (exp -> descriptions .)
    EPA             reduce using rule 15 (exp -> descriptions .)


state 13

    (16) exp -> person .

    EP              reduce using rule 16 (exp -> person .)
    SEP             reduce using rule 16 (exp -> person .)
    EPA             reduce using rule 16 (exp -> person .)


state 14

    (17) exp -> page .

    EP              reduce using rule 17 (exp -> page .)
    SEP             reduce using rule 17 (exp -> page .)
    EPA             reduce using rule 17 (exp -> page .)


state 15

    (18) exp -> voirs .

    EP              reduce using rule 18 (exp -> voirs .)
    SEP             reduce using rule 18 (exp -> voirs .)
    EPA             reduce using rule 18 (exp -> voirs .)


state 16

    (20) common -> word .

    EP              reduce using rule 20 (common -> word .)
    SEP             reduce using rule 20 (common -> word .)
    EPA             reduce using rule 20 (common -> word .)


state 17

    (19) common_bold -> SSTRONG . words ESTRONG
    (46) words -> . word
    (47) words -> . word moreword
    (48) words -> . word SEP moreword
    (52) word -> . WORD
    (53) word -> . parenthese
    (54) parenthese -> . SPA parenthesecontents EPA
    (55) parenthese -> . SSB parenthesecontents ESB
    (56) parenthese -> . SPA voirs EPA

    WORD            shift and go to state 41
    SPA             shift and go to state 43
    SSB             shift and go to state 33

    words                          shift and go to state 39
    word                           shift and go to state 40
    parenthese                     shift and go to state 42

state 18

    (21) place -> SEM . words EEM
    (22) place -> SEM . words EEM parenthese
    (46) words -> . word
    (47) words -> . word moreword
    (48) words -> . word SEP moreword
    (52) word -> . WORD
    (53) word -> . parenthese
    (54) parenthese -> . SPA parenthesecontents EPA
    (55) parenthese -> . SSB parenthesecontents ESB
    (56) parenthese -> . SPA voirs EPA

    WORD            shift and go to state 41
    SPA             shift and go to state 43
    SSB             shift and go to state 33

    words                          shift and go to state 44
    parenthese                     shift and go to state 42
    word                           shift and go to state 40

state 19

    (53) word -> parenthese .
    (77) description -> parenthese .

  ! reduce/reduce conflict for EP resolved using rule 53 (word -> parenthese .)
  ! reduce/reduce conflict for SEP resolved using rule 53 (word -> parenthese .)
  ! reduce/reduce conflict for ESC resolved using rule 53 (word -> parenthese .)
  ! reduce/reduce conflict for EPA resolved using rule 53 (word -> parenthese .)
    EP              reduce using rule 53 (word -> parenthese .)
    SEP             reduce using rule 53 (word -> parenthese .)
    ESC             reduce using rule 53 (word -> parenthese .)
    EPA             reduce using rule 53 (word -> parenthese .)
    WORD            reduce using rule 77 (description -> parenthese .)
    SLASH           reduce using rule 77 (description -> parenthese .)
    MINUS           reduce using rule 77 (description -> parenthese .)
    APOSTROPHE      reduce using rule 77 (description -> parenthese .)
    SPA             reduce using rule 77 (description -> parenthese .)
    SSB             reduce using rule 77 (description -> parenthese .)

  ! EP              [ reduce using rule 77 (description -> parenthese .) ]
  ! SEP             [ reduce using rule 77 (description -> parenthese .) ]
  ! ESC             [ reduce using rule 77 (description -> parenthese .) ]
  ! EPA             [ reduce using rule 77 (description -> parenthese .) ]


state 20

    (67) descriptions -> description .
    (68) descriptions -> description . moredescription
    (69) moredescription -> . description
    (70) moredescription -> . description moredescription
    (71) description -> . WORD
    (72) description -> . SLASH
    (73) description -> . cross
    (74) description -> . title
    (75) description -> . MINUS
    (76) description -> . APOSTROPHE
    (77) description -> . parenthese
    (29) cross -> . SPA CROSS EPA
    (30) title -> . WORD SS WORD ES
    (54) parenthese -> . SPA parenthesecontents EPA
    (55) parenthese -> . SSB parenthesecontents ESB
    (56) parenthese -> . SPA voirs EPA

    EP              reduce using rule 67 (descriptions -> description .)
    SEP             reduce using rule 67 (descriptions -> description .)
    ESC             reduce using rule 67 (descriptions -> description .)
    EPA             reduce using rule 67 (descriptions -> description .)
    WORD            shift and go to state 47
    SLASH           shift and go to state 27
    MINUS           shift and go to state 30
    APOSTROPHE      shift and go to state 31
    SPA             shift and go to state 49
    SSB             shift and go to state 33

    description                    shift and go to state 45
    moredescription                shift and go to state 46
    cross                          shift and go to state 28
    title                          shift and go to state 29
    parenthese                     shift and go to state 48

state 21

    (23) person -> SSC . word ESC
    (24) person -> SSC . descriptions ESC
    (25) person -> SSC . word SEP word ESC
    (26) person -> SSC . word SEP descriptions ESC
    (27) person -> SSC . descriptions SEP word ESC
    (28) person -> SSC . descriptions SEP descriptions ESC
    (52) word -> . WORD
    (53) word -> . parenthese
    (67) descriptions -> . description
    (68) descriptions -> . description moredescription
    (54) parenthese -> . SPA parenthesecontents EPA
    (55) parenthese -> . SSB parenthesecontents ESB
    (56) parenthese -> . SPA voirs EPA
    (71) description -> . WORD
    (72) description -> . SLASH
    (73) description -> . cross
    (74) description -> . title
    (75) description -> . MINUS
    (76) description -> . APOSTROPHE
    (77) description -> . parenthese
    (29) cross -> . SPA CROSS EPA
    (30) title -> . WORD SS WORD ES

    WORD            shift and go to state 26
    SPA             shift and go to state 32
    SSB             shift and go to state 33
    SLASH           shift and go to state 27
    MINUS           shift and go to state 30
    APOSTROPHE      shift and go to state 31

    word                           shift and go to state 50
    descriptions                   shift and go to state 51
    parenthese                     shift and go to state 19
    description                    shift and go to state 20
    cross                          shift and go to state 28
    title                          shift and go to state 29

state 22

    (31) page -> numberminus .

    EP              reduce using rule 31 (page -> numberminus .)
    SEP             reduce using rule 31 (page -> numberminus .)
    EPA             reduce using rule 31 (page -> numberminus .)


state 23

    (32) page -> NUMBERP .
    (36) numberminus -> NUMBERP . MINUS NUMBER
    (37) numberminus -> NUMBERP . MINUS NUMBERP

    EP              reduce using rule 32 (page -> NUMBERP .)
    SEP             reduce using rule 32 (page -> NUMBERP .)
    EPA             reduce using rule 32 (page -> NUMBERP .)
    MINUS           shift and go to state 52


state 24

    (33) page -> NUMBER .
    (34) numberminus -> NUMBER . MINUS NUMBER
    (35) numberminus -> NUMBER . MINUS NUMBERP

    EP              reduce using rule 33 (page -> NUMBER .)
    SEP             reduce using rule 33 (page -> NUMBER .)
    EPA             reduce using rule 33 (page -> NUMBER .)
    MINUS           shift and go to state 53


state 25

    (38) voirs -> VOIR . AUSSI rest_voir_aussis
    (39) voirs -> VOIR . rest_voir_aussis
    (40) rest_voir_aussis -> . exp
    (41) rest_voir_aussis -> . exp SEP rest_voir_aussis
    (12) exp -> . common
    (13) exp -> . common_bold
    (14) exp -> . place
    (15) exp -> . descriptions
    (16) exp -> . person
    (17) exp -> . page
    (18) exp -> . voirs
    (20) common -> . word
    (19) common_bold -> . SSTRONG words ESTRONG
    (21) place -> . SEM words EEM
    (22) place -> . SEM words EEM parenthese
    (67) descriptions -> . description
    (68) descriptions -> . description moredescription
    (23) person -> . SSC word ESC
    (24) person -> . SSC descriptions ESC
    (25) person -> . SSC word SEP word ESC
    (26) person -> . SSC word SEP descriptions ESC
    (27) person -> . SSC descriptions SEP word ESC
    (28) person -> . SSC descriptions SEP descriptions ESC
    (31) page -> . numberminus
    (32) page -> . NUMBERP
    (33) page -> . NUMBER
    (38) voirs -> . VOIR AUSSI rest_voir_aussis
    (39) voirs -> . VOIR rest_voir_aussis
    (52) word -> . WORD
    (53) word -> . parenthese
    (71) description -> . WORD
    (72) description -> . SLASH
    (73) description -> . cross
    (74) description -> . title
    (75) description -> . MINUS
    (76) description -> . APOSTROPHE
    (77) description -> . parenthese
    (34) numberminus -> . NUMBER MINUS NUMBER
    (35) numberminus -> . NUMBER MINUS NUMBERP
    (36) numberminus -> . NUMBERP MINUS NUMBER
    (37) numberminus -> . NUMBERP MINUS NUMBERP
    (54) parenthese -> . SPA parenthesecontents EPA
    (55) parenthese -> . SSB parenthesecontents ESB
    (56) parenthese -> . SPA voirs EPA
    (29) cross -> . SPA CROSS EPA
    (30) title -> . WORD SS WORD ES

    AUSSI           shift and go to state 54
    SSTRONG         shift and go to state 17
    SEM             shift and go to state 18
    SSC             shift and go to state 21
    NUMBERP         shift and go to state 23
    NUMBER          shift and go to state 24
    VOIR            shift and go to state 25
    WORD            shift and go to state 26
    SLASH           shift and go to state 27
    MINUS           shift and go to state 30
    APOSTROPHE      shift and go to state 31
    SPA             shift and go to state 32
    SSB             shift and go to state 33

    rest_voir_aussis               shift and go to state 55
    exp                            shift and go to state 56
    common                         shift and go to state 9
    common_bold                    shift and go to state 10
    place                          shift and go to state 11
    descriptions                   shift and go to state 12
    person                         shift and go to state 13
    page                           shift and go to state 14
    voirs                          shift and go to state 15
    word                           shift and go to state 16
    parenthese                     shift and go to state 19
    description                    shift and go to state 20
    numberminus                    shift and go to state 22
    cross                          shift and go to state 28
    title                          shift and go to state 29

state 26

    (52) word -> WORD .
    (71) description -> WORD .
    (30) title -> WORD . SS WORD ES

  ! reduce/reduce conflict for EP resolved using rule 52 (word -> WORD .)
  ! reduce/reduce conflict for SEP resolved using rule 52 (word -> WORD .)
  ! reduce/reduce conflict for ESC resolved using rule 52 (word -> WORD .)
  ! reduce/reduce conflict for EPA resolved using rule 52 (word -> WORD .)
    EP              reduce using rule 52 (word -> WORD .)
    SEP             reduce using rule 52 (word -> WORD .)
    ESC             reduce using rule 52 (word -> WORD .)
    EPA             reduce using rule 52 (word -> WORD .)
    WORD            reduce using rule 71 (description -> WORD .)
    SLASH           reduce using rule 71 (description -> WORD .)
    MINUS           reduce using rule 71 (description -> WORD .)
    APOSTROPHE      reduce using rule 71 (description -> WORD .)
    SPA             reduce using rule 71 (description -> WORD .)
    SSB             reduce using rule 71 (description -> WORD .)
    SS              shift and go to state 57

  ! EP              [ reduce using rule 71 (description -> WORD .) ]
  ! SEP             [ reduce using rule 71 (description -> WORD .) ]
  ! ESC             [ reduce using rule 71 (description -> WORD .) ]
  ! EPA             [ reduce using rule 71 (description -> WORD .) ]


state 27

    (72) description -> SLASH .

    WORD            reduce using rule 72 (description -> SLASH .)
    SLASH           reduce using rule 72 (description -> SLASH .)
    MINUS           reduce using rule 72 (description -> SLASH .)
    APOSTROPHE      reduce using rule 72 (description -> SLASH .)
    SPA             reduce using rule 72 (description -> SLASH .)
    SSB             reduce using rule 72 (description -> SLASH .)
    EP              reduce using rule 72 (description -> SLASH .)
    SEP             reduce using rule 72 (description -> SLASH .)
    ESC             reduce using rule 72 (description -> SLASH .)
    EPA             reduce using rule 72 (description -> SLASH .)


state 28

    (73) description -> cross .

    WORD            reduce using rule 73 (description -> cross .)
    SLASH           reduce using rule 73 (description -> cross .)
    MINUS           reduce using rule 73 (description -> cross .)
    APOSTROPHE      reduce using rule 73 (description -> cross .)
    SPA             reduce using rule 73 (description -> cross .)
    SSB             reduce using rule 73 (description -> cross .)
    EP              reduce using rule 73 (description -> cross .)
    SEP             reduce using rule 73 (description -> cross .)
    ESC             reduce using rule 73 (description -> cross .)
    EPA             reduce using rule 73 (description -> cross .)


state 29

    (74) description -> title .

    WORD            reduce using rule 74 (description -> title .)
    SLASH           reduce using rule 74 (description -> title .)
    MINUS           reduce using rule 74 (description -> title .)
    APOSTROPHE      reduce using rule 74 (description -> title .)
    SPA             reduce using rule 74 (description -> title .)
    SSB             reduce using rule 74 (description -> title .)
    EP              reduce using rule 74 (description -> title .)
    SEP             reduce using rule 74 (description -> title .)
    ESC             reduce using rule 74 (description -> title .)
    EPA             reduce using rule 74 (description -> title .)


state 30

    (75) description -> MINUS .

    WORD            reduce using rule 75 (description -> MINUS .)
    SLASH           reduce using rule 75 (description -> MINUS .)
    MINUS           reduce using rule 75 (description -> MINUS .)
    APOSTROPHE      reduce using rule 75 (description -> MINUS .)
    SPA             reduce using rule 75 (description -> MINUS .)
    SSB             reduce using rule 75 (description -> MINUS .)
    EP              reduce using rule 75 (description -> MINUS .)
    SEP             reduce using rule 75 (description -> MINUS .)
    ESC             reduce using rule 75 (description -> MINUS .)
    EPA             reduce using rule 75 (description -> MINUS .)


state 31

    (76) description -> APOSTROPHE .

    WORD            reduce using rule 76 (description -> APOSTROPHE .)
    SLASH           reduce using rule 76 (description -> APOSTROPHE .)
    MINUS           reduce using rule 76 (description -> APOSTROPHE .)
    APOSTROPHE      reduce using rule 76 (description -> APOSTROPHE .)
    SPA             reduce using rule 76 (description -> APOSTROPHE .)
    SSB             reduce using rule 76 (description -> APOSTROPHE .)
    EP              reduce using rule 76 (description -> APOSTROPHE .)
    SEP             reduce using rule 76 (description -> APOSTROPHE .)
    ESC             reduce using rule 76 (description -> APOSTROPHE .)
    EPA             reduce using rule 76 (description -> APOSTROPHE .)


state 32

    (54) parenthese -> SPA . parenthesecontents EPA
    (56) parenthese -> SPA . voirs EPA
    (29) cross -> SPA . CROSS EPA
    (57) parenthesecontents -> . parenthesecontent
    (58) parenthesecontents -> . parenthesecontent moreparenthesecontent
    (38) voirs -> . VOIR AUSSI rest_voir_aussis
    (39) voirs -> . VOIR rest_voir_aussis
    (61) parenthesecontent -> . words
    (62) parenthesecontent -> . DOT
    (63) parenthesecontent -> . SEP
    (64) parenthesecontent -> . MINUS
    (65) parenthesecontent -> . APOSTROPHE
    (66) parenthesecontent -> . NUMBER
    (46) words -> . word
    (47) words -> . word moreword
    (48) words -> . word SEP moreword
    (52) word -> . WORD
    (53) word -> . parenthese
    (54) parenthese -> . SPA parenthesecontents EPA
    (55) parenthese -> . SSB parenthesecontents ESB
    (56) parenthese -> . SPA voirs EPA

    CROSS           shift and go to state 60
    VOIR            shift and go to state 25
    DOT             shift and go to state 63
    SEP             shift and go to state 64
    MINUS           shift and go to state 65
    APOSTROPHE      shift and go to state 66
    NUMBER          shift and go to state 67
    WORD            shift and go to state 41
    SPA             shift and go to state 43
    SSB             shift and go to state 33

    parenthesecontents             shift and go to state 58
    voirs                          shift and go to state 59
    parenthesecontent              shift and go to state 61
    words                          shift and go to state 62
    word                           shift and go to state 40
    parenthese                     shift and go to state 42

state 33

    (55) parenthese -> SSB . parenthesecontents ESB
    (57) parenthesecontents -> . parenthesecontent
    (58) parenthesecontents -> . parenthesecontent moreparenthesecontent
    (61) parenthesecontent -> . words
    (62) parenthesecontent -> . DOT
    (63) parenthesecontent -> . SEP
    (64) parenthesecontent -> . MINUS
    (65) parenthesecontent -> . APOSTROPHE
    (66) parenthesecontent -> . NUMBER
    (46) words -> . word
    (47) words -> . word moreword
    (48) words -> . word SEP moreword
    (52) word -> . WORD
    (53) word -> . parenthese
    (54) parenthese -> . SPA parenthesecontents EPA
    (55) parenthese -> . SSB parenthesecontents ESB
    (56) parenthese -> . SPA voirs EPA

    DOT             shift and go to state 63
    SEP             shift and go to state 64
    MINUS           shift and go to state 65
    APOSTROPHE      shift and go to state 66
    NUMBER          shift and go to state 67
    WORD            shift and go to state 41
    SPA             shift and go to state 43
    SSB             shift and go to state 33

    parenthesecontents             shift and go to state 68
    parenthesecontent              shift and go to state 61
    words                          shift and go to state 62
    word                           shift and go to state 40
    parenthese                     shift and go to state 42

state 34

    (7) entry -> SBQ entries . EBQ

    EBQ             shift and go to state 69


state 35

    (4) moreentries -> entry moreentries .

    $end            reduce using rule 4 (moreentries -> entry moreentries .)
    EBQ             reduce using rule 4 (moreentries -> entry moreentries .)


state 36

    (5) entry -> SP exp EP .

    SP              reduce using rule 5 (entry -> SP exp EP .)
    SBQ             reduce using rule 5 (entry -> SP exp EP .)
    $end            reduce using rule 5 (entry -> SP exp EP .)
    EBQ             reduce using rule 5 (entry -> SP exp EP .)


state 37

    (9) exps -> exp SEP . moreexp
    (10) moreexp -> . exp
    (11) moreexp -> . exp SEP moreexp
    (12) exp -> . common
    (13) exp -> . common_bold
    (14) exp -> . place
    (15) exp -> . descriptions
    (16) exp -> . person
    (17) exp -> . page
    (18) exp -> . voirs
    (20) common -> . word
    (19) common_bold -> . SSTRONG words ESTRONG
    (21) place -> . SEM words EEM
    (22) place -> . SEM words EEM parenthese
    (67) descriptions -> . description
    (68) descriptions -> . description moredescription
    (23) person -> . SSC word ESC
    (24) person -> . SSC descriptions ESC
    (25) person -> . SSC word SEP word ESC
    (26) person -> . SSC word SEP descriptions ESC
    (27) person -> . SSC descriptions SEP word ESC
    (28) person -> . SSC descriptions SEP descriptions ESC
    (31) page -> . numberminus
    (32) page -> . NUMBERP
    (33) page -> . NUMBER
    (38) voirs -> . VOIR AUSSI rest_voir_aussis
    (39) voirs -> . VOIR rest_voir_aussis
    (52) word -> . WORD
    (53) word -> . parenthese
    (71) description -> . WORD
    (72) description -> . SLASH
    (73) description -> . cross
    (74) description -> . title
    (75) description -> . MINUS
    (76) description -> . APOSTROPHE
    (77) description -> . parenthese
    (34) numberminus -> . NUMBER MINUS NUMBER
    (35) numberminus -> . NUMBER MINUS NUMBERP
    (36) numberminus -> . NUMBERP MINUS NUMBER
    (37) numberminus -> . NUMBERP MINUS NUMBERP
    (54) parenthese -> . SPA parenthesecontents EPA
    (55) parenthese -> . SSB parenthesecontents ESB
    (56) parenthese -> . SPA voirs EPA
    (29) cross -> . SPA CROSS EPA
    (30) title -> . WORD SS WORD ES

    SSTRONG         shift and go to state 17
    SEM             shift and go to state 18
    SSC             shift and go to state 21
    NUMBERP         shift and go to state 23
    NUMBER          shift and go to state 24
    VOIR            shift and go to state 25
    WORD            shift and go to state 26
    SLASH           shift and go to state 27
    MINUS           shift and go to state 30
    APOSTROPHE      shift and go to state 31
    SPA             shift and go to state 32
    SSB             shift and go to state 33

    exp                            shift and go to state 70
    moreexp                        shift and go to state 71
    common                         shift and go to state 9
    common_bold                    shift and go to state 10
    place                          shift and go to state 11
    descriptions                   shift and go to state 12
    person                         shift and go to state 13
    page                           shift and go to state 14
    voirs                          shift and go to state 15
    word                           shift and go to state 16
    parenthese                     shift and go to state 19
    description                    shift and go to state 20
    numberminus                    shift and go to state 22
    cross                          shift and go to state 28
    title                          shift and go to state 29

state 38

    (6) entry -> SP exps EP .

    SP              reduce using rule 6 (entry -> SP exps EP .)
    SBQ             reduce using rule 6 (entry -> SP exps EP .)
    $end            reduce using rule 6 (entry -> SP exps EP .)
    EBQ             reduce using rule 6 (entry -> SP exps EP .)


state 39

    (19) common_bold -> SSTRONG words . ESTRONG

    ESTRONG         shift and go to state 72


state 40

    (46) words -> word .
    (47) words -> word . moreword
    (48) words -> word . SEP moreword
    (49) moreword -> . word
    (50) moreword -> . word moreword
    (51) moreword -> . word SEP moreword
    (52) word -> . WORD
    (53) word -> . parenthese
    (54) parenthese -> . SPA parenthesecontents EPA
    (55) parenthese -> . SSB parenthesecontents ESB
    (56) parenthese -> . SPA voirs EPA

  ! shift/reduce conflict for SEP resolved as shift
  ! shift/reduce conflict for WORD resolved as shift
  ! shift/reduce conflict for SPA resolved as shift
  ! shift/reduce conflict for SSB resolved as shift
    ESTRONG         reduce using rule 46 (words -> word .)
    EEM             reduce using rule 46 (words -> word .)
    DOT             reduce using rule 46 (words -> word .)
    MINUS           reduce using rule 46 (words -> word .)
    APOSTROPHE      reduce using rule 46 (words -> word .)
    NUMBER          reduce using rule 46 (words -> word .)
    EPA             reduce using rule 46 (words -> word .)
    ESB             reduce using rule 46 (words -> word .)
    SEP             shift and go to state 75
    WORD            shift and go to state 41
    SPA             shift and go to state 43
    SSB             shift and go to state 33

  ! SEP             [ reduce using rule 46 (words -> word .) ]
  ! WORD            [ reduce using rule 46 (words -> word .) ]
  ! SPA             [ reduce using rule 46 (words -> word .) ]
  ! SSB             [ reduce using rule 46 (words -> word .) ]

    word                           shift and go to state 73
    moreword                       shift and go to state 74
    parenthese                     shift and go to state 42

state 41

    (52) word -> WORD .

    SEP             reduce using rule 52 (word -> WORD .)
    WORD            reduce using rule 52 (word -> WORD .)
    SPA             reduce using rule 52 (word -> WORD .)
    SSB             reduce using rule 52 (word -> WORD .)
    ESTRONG         reduce using rule 52 (word -> WORD .)
    EEM             reduce using rule 52 (word -> WORD .)
    DOT             reduce using rule 52 (word -> WORD .)
    MINUS           reduce using rule 52 (word -> WORD .)
    APOSTROPHE      reduce using rule 52 (word -> WORD .)
    NUMBER          reduce using rule 52 (word -> WORD .)
    EPA             reduce using rule 52 (word -> WORD .)
    ESB             reduce using rule 52 (word -> WORD .)


state 42

    (53) word -> parenthese .

    SEP             reduce using rule 53 (word -> parenthese .)
    WORD            reduce using rule 53 (word -> parenthese .)
    SPA             reduce using rule 53 (word -> parenthese .)
    SSB             reduce using rule 53 (word -> parenthese .)
    ESTRONG         reduce using rule 53 (word -> parenthese .)
    EEM             reduce using rule 53 (word -> parenthese .)
    DOT             reduce using rule 53 (word -> parenthese .)
    MINUS           reduce using rule 53 (word -> parenthese .)
    APOSTROPHE      reduce using rule 53 (word -> parenthese .)
    NUMBER          reduce using rule 53 (word -> parenthese .)
    EPA             reduce using rule 53 (word -> parenthese .)
    ESB             reduce using rule 53 (word -> parenthese .)


state 43

    (54) parenthese -> SPA . parenthesecontents EPA
    (56) parenthese -> SPA . voirs EPA
    (57) parenthesecontents -> . parenthesecontent
    (58) parenthesecontents -> . parenthesecontent moreparenthesecontent
    (38) voirs -> . VOIR AUSSI rest_voir_aussis
    (39) voirs -> . VOIR rest_voir_aussis
    (61) parenthesecontent -> . words
    (62) parenthesecontent -> . DOT
    (63) parenthesecontent -> . SEP
    (64) parenthesecontent -> . MINUS
    (65) parenthesecontent -> . APOSTROPHE
    (66) parenthesecontent -> . NUMBER
    (46) words -> . word
    (47) words -> . word moreword
    (48) words -> . word SEP moreword
    (52) word -> . WORD
    (53) word -> . parenthese
    (54) parenthese -> . SPA parenthesecontents EPA
    (55) parenthese -> . SSB parenthesecontents ESB
    (56) parenthese -> . SPA voirs EPA

    VOIR            shift and go to state 25
    DOT             shift and go to state 63
    SEP             shift and go to state 64
    MINUS           shift and go to state 65
    APOSTROPHE      shift and go to state 66
    NUMBER          shift and go to state 67
    WORD            shift and go to state 41
    SPA             shift and go to state 43
    SSB             shift and go to state 33

    parenthesecontents             shift and go to state 58
    voirs                          shift and go to state 59
    parenthesecontent              shift and go to state 61
    words                          shift and go to state 62
    word                           shift and go to state 40
    parenthese                     shift and go to state 42

state 44

    (21) place -> SEM words . EEM
    (22) place -> SEM words . EEM parenthese

    EEM             shift and go to state 76


state 45

    (69) moredescription -> description .
    (70) moredescription -> description . moredescription
    (69) moredescription -> . description
    (70) moredescription -> . description moredescription
    (71) description -> . WORD
    (72) description -> . SLASH
    (73) description -> . cross
    (74) description -> . title
    (75) description -> . MINUS
    (76) description -> . APOSTROPHE
    (77) description -> . parenthese
    (29) cross -> . SPA CROSS EPA
    (30) title -> . WORD SS WORD ES
    (54) parenthese -> . SPA parenthesecontents EPA
    (55) parenthese -> . SSB parenthesecontents ESB
    (56) parenthese -> . SPA voirs EPA

    EP              reduce using rule 69 (moredescription -> description .)
    SEP             reduce using rule 69 (moredescription -> description .)
    ESC             reduce using rule 69 (moredescription -> description .)
    EPA             reduce using rule 69 (moredescription -> description .)
    WORD            shift and go to state 47
    SLASH           shift and go to state 27
    MINUS           shift and go to state 30
    APOSTROPHE      shift and go to state 31
    SPA             shift and go to state 49
    SSB             shift and go to state 33

    description                    shift and go to state 45
    moredescription                shift and go to state 77
    cross                          shift and go to state 28
    title                          shift and go to state 29
    parenthese                     shift and go to state 48

state 46

    (68) descriptions -> description moredescription .

    EP              reduce using rule 68 (descriptions -> description moredescription .)
    SEP             reduce using rule 68 (descriptions -> description moredescription .)
    ESC             reduce using rule 68 (descriptions -> description moredescription .)
    EPA             reduce using rule 68 (descriptions -> description moredescription .)


state 47

    (71) description -> WORD .
    (30) title -> WORD . SS WORD ES

    WORD            reduce using rule 71 (description -> WORD .)
    SLASH           reduce using rule 71 (description -> WORD .)
    MINUS           reduce using rule 71 (description -> WORD .)
    APOSTROPHE      reduce using rule 71 (description -> WORD .)
    SPA             reduce using rule 71 (description -> WORD .)
    SSB             reduce using rule 71 (description -> WORD .)
    EP              reduce using rule 71 (description -> WORD .)
    SEP             reduce using rule 71 (description -> WORD .)
    ESC             reduce using rule 71 (description -> WORD .)
    EPA             reduce using rule 71 (description -> WORD .)
    SS              shift and go to state 57


state 48

    (77) description -> parenthese .

    WORD            reduce using rule 77 (description -> parenthese .)
    SLASH           reduce using rule 77 (description -> parenthese .)
    MINUS           reduce using rule 77 (description -> parenthese .)
    APOSTROPHE      reduce using rule 77 (description -> parenthese .)
    SPA             reduce using rule 77 (description -> parenthese .)
    SSB             reduce using rule 77 (description -> parenthese .)
    EP              reduce using rule 77 (description -> parenthese .)
    SEP             reduce using rule 77 (description -> parenthese .)
    ESC             reduce using rule 77 (description -> parenthese .)
    EPA             reduce using rule 77 (description -> parenthese .)


state 49

    (29) cross -> SPA . CROSS EPA
    (54) parenthese -> SPA . parenthesecontents EPA
    (56) parenthese -> SPA . voirs EPA
    (57) parenthesecontents -> . parenthesecontent
    (58) parenthesecontents -> . parenthesecontent moreparenthesecontent
    (38) voirs -> . VOIR AUSSI rest_voir_aussis
    (39) voirs -> . VOIR rest_voir_aussis
    (61) parenthesecontent -> . words
    (62) parenthesecontent -> . DOT
    (63) parenthesecontent -> . SEP
    (64) parenthesecontent -> . MINUS
    (65) parenthesecontent -> . APOSTROPHE
    (66) parenthesecontent -> . NUMBER
    (46) words -> . word
    (47) words -> . word moreword
    (48) words -> . word SEP moreword
    (52) word -> . WORD
    (53) word -> . parenthese
    (54) parenthese -> . SPA parenthesecontents EPA
    (55) parenthese -> . SSB parenthesecontents ESB
    (56) parenthese -> . SPA voirs EPA

    CROSS           shift and go to state 60
    VOIR            shift and go to state 25
    DOT             shift and go to state 63
    SEP             shift and go to state 64
    MINUS           shift and go to state 65
    APOSTROPHE      shift and go to state 66
    NUMBER          shift and go to state 67
    WORD            shift and go to state 41
    SPA             shift and go to state 43
    SSB             shift and go to state 33

    parenthesecontents             shift and go to state 58
    voirs                          shift and go to state 59
    parenthesecontent              shift and go to state 61
    words                          shift and go to state 62
    word                           shift and go to state 40
    parenthese                     shift and go to state 42

state 50

    (23) person -> SSC word . ESC
    (25) person -> SSC word . SEP word ESC
    (26) person -> SSC word . SEP descriptions ESC

    ESC             shift and go to state 78
    SEP             shift and go to state 79


state 51

    (24) person -> SSC descriptions . ESC
    (27) person -> SSC descriptions . SEP word ESC
    (28) person -> SSC descriptions . SEP descriptions ESC

    ESC             shift and go to state 80
    SEP             shift and go to state 81


state 52

    (36) numberminus -> NUMBERP MINUS . NUMBER
    (37) numberminus -> NUMBERP MINUS . NUMBERP

    NUMBER          shift and go to state 83
    NUMBERP         shift and go to state 82


state 53

    (34) numberminus -> NUMBER MINUS . NUMBER
    (35) numberminus -> NUMBER MINUS . NUMBERP

    NUMBER          shift and go to state 84
    NUMBERP         shift and go to state 85


state 54

    (38) voirs -> VOIR AUSSI . rest_voir_aussis
    (40) rest_voir_aussis -> . exp
    (41) rest_voir_aussis -> . exp SEP rest_voir_aussis
    (12) exp -> . common
    (13) exp -> . common_bold
    (14) exp -> . place
    (15) exp -> . descriptions
    (16) exp -> . person
    (17) exp -> . page
    (18) exp -> . voirs
    (20) common -> . word
    (19) common_bold -> . SSTRONG words ESTRONG
    (21) place -> . SEM words EEM
    (22) place -> . SEM words EEM parenthese
    (67) descriptions -> . description
    (68) descriptions -> . description moredescription
    (23) person -> . SSC word ESC
    (24) person -> . SSC descriptions ESC
    (25) person -> . SSC word SEP word ESC
    (26) person -> . SSC word SEP descriptions ESC
    (27) person -> . SSC descriptions SEP word ESC
    (28) person -> . SSC descriptions SEP descriptions ESC
    (31) page -> . numberminus
    (32) page -> . NUMBERP
    (33) page -> . NUMBER
    (38) voirs -> . VOIR AUSSI rest_voir_aussis
    (39) voirs -> . VOIR rest_voir_aussis
    (52) word -> . WORD
    (53) word -> . parenthese
    (71) description -> . WORD
    (72) description -> . SLASH
    (73) description -> . cross
    (74) description -> . title
    (75) description -> . MINUS
    (76) description -> . APOSTROPHE
    (77) description -> . parenthese
    (34) numberminus -> . NUMBER MINUS NUMBER
    (35) numberminus -> . NUMBER MINUS NUMBERP
    (36) numberminus -> . NUMBERP MINUS NUMBER
    (37) numberminus -> . NUMBERP MINUS NUMBERP
    (54) parenthese -> . SPA parenthesecontents EPA
    (55) parenthese -> . SSB parenthesecontents ESB
    (56) parenthese -> . SPA voirs EPA
    (29) cross -> . SPA CROSS EPA
    (30) title -> . WORD SS WORD ES

    SSTRONG         shift and go to state 17
    SEM             shift and go to state 18
    SSC             shift and go to state 21
    NUMBERP         shift and go to state 23
    NUMBER          shift and go to state 24
    VOIR            shift and go to state 25
    WORD            shift and go to state 26
    SLASH           shift and go to state 27
    MINUS           shift and go to state 30
    APOSTROPHE      shift and go to state 31
    SPA             shift and go to state 32
    SSB             shift and go to state 33

    rest_voir_aussis               shift and go to state 86
    exp                            shift and go to state 56
    common                         shift and go to state 9
    common_bold                    shift and go to state 10
    place                          shift and go to state 11
    descriptions                   shift and go to state 12
    person                         shift and go to state 13
    page                           shift and go to state 14
    voirs                          shift and go to state 15
    word                           shift and go to state 16
    parenthese                     shift and go to state 19
    description                    shift and go to state 20
    numberminus                    shift and go to state 22
    cross                          shift and go to state 28
    title                          shift and go to state 29

state 55

    (39) voirs -> VOIR rest_voir_aussis .

    EP              reduce using rule 39 (voirs -> VOIR rest_voir_aussis .)
    SEP             reduce using rule 39 (voirs -> VOIR rest_voir_aussis .)
    EPA             reduce using rule 39 (voirs -> VOIR rest_voir_aussis .)


state 56

    (40) rest_voir_aussis -> exp .
    (41) rest_voir_aussis -> exp . SEP rest_voir_aussis

  ! shift/reduce conflict for SEP resolved as shift
    EP              reduce using rule 40 (rest_voir_aussis -> exp .)
    EPA             reduce using rule 40 (rest_voir_aussis -> exp .)
    SEP             shift and go to state 87

  ! SEP             [ reduce using rule 40 (rest_voir_aussis -> exp .) ]


state 57

    (30) title -> WORD SS . WORD ES

    WORD            shift and go to state 88


state 58

    (54) parenthese -> SPA parenthesecontents . EPA

    EPA             shift and go to state 89


state 59

    (56) parenthese -> SPA voirs . EPA

    EPA             shift and go to state 90


state 60

    (29) cross -> SPA CROSS . EPA

    EPA             shift and go to state 91


state 61

    (57) parenthesecontents -> parenthesecontent .
    (58) parenthesecontents -> parenthesecontent . moreparenthesecontent
    (59) moreparenthesecontent -> . parenthesecontent
    (60) moreparenthesecontent -> . parenthesecontent moreparenthesecontent
    (61) parenthesecontent -> . words
    (62) parenthesecontent -> . DOT
    (63) parenthesecontent -> . SEP
    (64) parenthesecontent -> . MINUS
    (65) parenthesecontent -> . APOSTROPHE
    (66) parenthesecontent -> . NUMBER
    (46) words -> . word
    (47) words -> . word moreword
    (48) words -> . word SEP moreword
    (52) word -> . WORD
    (53) word -> . parenthese
    (54) parenthese -> . SPA parenthesecontents EPA
    (55) parenthese -> . SSB parenthesecontents ESB
    (56) parenthese -> . SPA voirs EPA

    EPA             reduce using rule 57 (parenthesecontents -> parenthesecontent .)
    ESB             reduce using rule 57 (parenthesecontents -> parenthesecontent .)
    DOT             shift and go to state 63
    SEP             shift and go to state 64
    MINUS           shift and go to state 65
    APOSTROPHE      shift and go to state 66
    NUMBER          shift and go to state 67
    WORD            shift and go to state 41
    SPA             shift and go to state 43
    SSB             shift and go to state 33

    parenthesecontent              shift and go to state 92
    moreparenthesecontent          shift and go to state 93
    words                          shift and go to state 62
    word                           shift and go to state 40
    parenthese                     shift and go to state 42

state 62

    (61) parenthesecontent -> words .

    DOT             reduce using rule 61 (parenthesecontent -> words .)
    SEP             reduce using rule 61 (parenthesecontent -> words .)
    MINUS           reduce using rule 61 (parenthesecontent -> words .)
    APOSTROPHE      reduce using rule 61 (parenthesecontent -> words .)
    NUMBER          reduce using rule 61 (parenthesecontent -> words .)
    WORD            reduce using rule 61 (parenthesecontent -> words .)
    SPA             reduce using rule 61 (parenthesecontent -> words .)
    SSB             reduce using rule 61 (parenthesecontent -> words .)
    EPA             reduce using rule 61 (parenthesecontent -> words .)
    ESB             reduce using rule 61 (parenthesecontent -> words .)


state 63

    (62) parenthesecontent -> DOT .

    DOT             reduce using rule 62 (parenthesecontent -> DOT .)
    SEP             reduce using rule 62 (parenthesecontent -> DOT .)
    MINUS           reduce using rule 62 (parenthesecontent -> DOT .)
    APOSTROPHE      reduce using rule 62 (parenthesecontent -> DOT .)
    NUMBER          reduce using rule 62 (parenthesecontent -> DOT .)
    WORD            reduce using rule 62 (parenthesecontent -> DOT .)
    SPA             reduce using rule 62 (parenthesecontent -> DOT .)
    SSB             reduce using rule 62 (parenthesecontent -> DOT .)
    EPA             reduce using rule 62 (parenthesecontent -> DOT .)
    ESB             reduce using rule 62 (parenthesecontent -> DOT .)


state 64

    (63) parenthesecontent -> SEP .

    DOT             reduce using rule 63 (parenthesecontent -> SEP .)
    SEP             reduce using rule 63 (parenthesecontent -> SEP .)
    MINUS           reduce using rule 63 (parenthesecontent -> SEP .)
    APOSTROPHE      reduce using rule 63 (parenthesecontent -> SEP .)
    NUMBER          reduce using rule 63 (parenthesecontent -> SEP .)
    WORD            reduce using rule 63 (parenthesecontent -> SEP .)
    SPA             reduce using rule 63 (parenthesecontent -> SEP .)
    SSB             reduce using rule 63 (parenthesecontent -> SEP .)
    EPA             reduce using rule 63 (parenthesecontent -> SEP .)
    ESB             reduce using rule 63 (parenthesecontent -> SEP .)


state 65

    (64) parenthesecontent -> MINUS .

    DOT             reduce using rule 64 (parenthesecontent -> MINUS .)
    SEP             reduce using rule 64 (parenthesecontent -> MINUS .)
    MINUS           reduce using rule 64 (parenthesecontent -> MINUS .)
    APOSTROPHE      reduce using rule 64 (parenthesecontent -> MINUS .)
    NUMBER          reduce using rule 64 (parenthesecontent -> MINUS .)
    WORD            reduce using rule 64 (parenthesecontent -> MINUS .)
    SPA             reduce using rule 64 (parenthesecontent -> MINUS .)
    SSB             reduce using rule 64 (parenthesecontent -> MINUS .)
    EPA             reduce using rule 64 (parenthesecontent -> MINUS .)
    ESB             reduce using rule 64 (parenthesecontent -> MINUS .)


state 66

    (65) parenthesecontent -> APOSTROPHE .

    DOT             reduce using rule 65 (parenthesecontent -> APOSTROPHE .)
    SEP             reduce using rule 65 (parenthesecontent -> APOSTROPHE .)
    MINUS           reduce using rule 65 (parenthesecontent -> APOSTROPHE .)
    APOSTROPHE      reduce using rule 65 (parenthesecontent -> APOSTROPHE .)
    NUMBER          reduce using rule 65 (parenthesecontent -> APOSTROPHE .)
    WORD            reduce using rule 65 (parenthesecontent -> APOSTROPHE .)
    SPA             reduce using rule 65 (parenthesecontent -> APOSTROPHE .)
    SSB             reduce using rule 65 (parenthesecontent -> APOSTROPHE .)
    EPA             reduce using rule 65 (parenthesecontent -> APOSTROPHE .)
    ESB             reduce using rule 65 (parenthesecontent -> APOSTROPHE .)


state 67

    (66) parenthesecontent -> NUMBER .

    DOT             reduce using rule 66 (parenthesecontent -> NUMBER .)
    SEP             reduce using rule 66 (parenthesecontent -> NUMBER .)
    MINUS           reduce using rule 66 (parenthesecontent -> NUMBER .)
    APOSTROPHE      reduce using rule 66 (parenthesecontent -> NUMBER .)
    NUMBER          reduce using rule 66 (parenthesecontent -> NUMBER .)
    WORD            reduce using rule 66 (parenthesecontent -> NUMBER .)
    SPA             reduce using rule 66 (parenthesecontent -> NUMBER .)
    SSB             reduce using rule 66 (parenthesecontent -> NUMBER .)
    EPA             reduce using rule 66 (parenthesecontent -> NUMBER .)
    ESB             reduce using rule 66 (parenthesecontent -> NUMBER .)


state 68

    (55) parenthese -> SSB parenthesecontents . ESB

    ESB             shift and go to state 94


state 69

    (7) entry -> SBQ entries EBQ .

    SP              reduce using rule 7 (entry -> SBQ entries EBQ .)
    SBQ             reduce using rule 7 (entry -> SBQ entries EBQ .)
    $end            reduce using rule 7 (entry -> SBQ entries EBQ .)
    EBQ             reduce using rule 7 (entry -> SBQ entries EBQ .)


state 70

    (10) moreexp -> exp .
    (11) moreexp -> exp . SEP moreexp

    EP              reduce using rule 10 (moreexp -> exp .)
    SEP             shift and go to state 95


state 71

    (9) exps -> exp SEP moreexp .

    EP              reduce using rule 9 (exps -> exp SEP moreexp .)


state 72

    (19) common_bold -> SSTRONG words ESTRONG .

    EP              reduce using rule 19 (common_bold -> SSTRONG words ESTRONG .)
    SEP             reduce using rule 19 (common_bold -> SSTRONG words ESTRONG .)
    EPA             reduce using rule 19 (common_bold -> SSTRONG words ESTRONG .)


state 73

    (49) moreword -> word .
    (50) moreword -> word . moreword
    (51) moreword -> word . SEP moreword
    (49) moreword -> . word
    (50) moreword -> . word moreword
    (51) moreword -> . word SEP moreword
    (52) word -> . WORD
    (53) word -> . parenthese
    (54) parenthese -> . SPA parenthesecontents EPA
    (55) parenthese -> . SSB parenthesecontents ESB
    (56) parenthese -> . SPA voirs EPA

  ! shift/reduce conflict for SEP resolved as shift
  ! shift/reduce conflict for WORD resolved as shift
  ! shift/reduce conflict for SPA resolved as shift
  ! shift/reduce conflict for SSB resolved as shift
    ESTRONG         reduce using rule 49 (moreword -> word .)
    EEM             reduce using rule 49 (moreword -> word .)
    DOT             reduce using rule 49 (moreword -> word .)
    MINUS           reduce using rule 49 (moreword -> word .)
    APOSTROPHE      reduce using rule 49 (moreword -> word .)
    NUMBER          reduce using rule 49 (moreword -> word .)
    EPA             reduce using rule 49 (moreword -> word .)
    ESB             reduce using rule 49 (moreword -> word .)
    SEP             shift and go to state 97
    WORD            shift and go to state 41
    SPA             shift and go to state 43
    SSB             shift and go to state 33

  ! SEP             [ reduce using rule 49 (moreword -> word .) ]
  ! WORD            [ reduce using rule 49 (moreword -> word .) ]
  ! SPA             [ reduce using rule 49 (moreword -> word .) ]
  ! SSB             [ reduce using rule 49 (moreword -> word .) ]

    word                           shift and go to state 73
    moreword                       shift and go to state 96
    parenthese                     shift and go to state 42

state 74

    (47) words -> word moreword .

    ESTRONG         reduce using rule 47 (words -> word moreword .)
    EEM             reduce using rule 47 (words -> word moreword .)
    DOT             reduce using rule 47 (words -> word moreword .)
    SEP             reduce using rule 47 (words -> word moreword .)
    MINUS           reduce using rule 47 (words -> word moreword .)
    APOSTROPHE      reduce using rule 47 (words -> word moreword .)
    NUMBER          reduce using rule 47 (words -> word moreword .)
    WORD            reduce using rule 47 (words -> word moreword .)
    SPA             reduce using rule 47 (words -> word moreword .)
    SSB             reduce using rule 47 (words -> word moreword .)
    EPA             reduce using rule 47 (words -> word moreword .)
    ESB             reduce using rule 47 (words -> word moreword .)


state 75

    (48) words -> word SEP . moreword
    (49) moreword -> . word
    (50) moreword -> . word moreword
    (51) moreword -> . word SEP moreword
    (52) word -> . WORD
    (53) word -> . parenthese
    (54) parenthese -> . SPA parenthesecontents EPA
    (55) parenthese -> . SSB parenthesecontents ESB
    (56) parenthese -> . SPA voirs EPA

    WORD            shift and go to state 41
    SPA             shift and go to state 43
    SSB             shift and go to state 33

    word                           shift and go to state 73
    moreword                       shift and go to state 98
    parenthese                     shift and go to state 42

state 76

    (21) place -> SEM words EEM .
    (22) place -> SEM words EEM . parenthese
    (54) parenthese -> . SPA parenthesecontents EPA
    (55) parenthese -> . SSB parenthesecontents ESB
    (56) parenthese -> . SPA voirs EPA

    EP              reduce using rule 21 (place -> SEM words EEM .)
    SEP             reduce using rule 21 (place -> SEM words EEM .)
    EPA             reduce using rule 21 (place -> SEM words EEM .)
    SPA             shift and go to state 43
    SSB             shift and go to state 33

    parenthese                     shift and go to state 99

state 77

    (70) moredescription -> description moredescription .

    EP              reduce using rule 70 (moredescription -> description moredescription .)
    SEP             reduce using rule 70 (moredescription -> description moredescription .)
    ESC             reduce using rule 70 (moredescription -> description moredescription .)
    EPA             reduce using rule 70 (moredescription -> description moredescription .)


state 78

    (23) person -> SSC word ESC .

    EP              reduce using rule 23 (person -> SSC word ESC .)
    SEP             reduce using rule 23 (person -> SSC word ESC .)
    EPA             reduce using rule 23 (person -> SSC word ESC .)


state 79

    (25) person -> SSC word SEP . word ESC
    (26) person -> SSC word SEP . descriptions ESC
    (52) word -> . WORD
    (53) word -> . parenthese
    (67) descriptions -> . description
    (68) descriptions -> . description moredescription
    (54) parenthese -> . SPA parenthesecontents EPA
    (55) parenthese -> . SSB parenthesecontents ESB
    (56) parenthese -> . SPA voirs EPA
    (71) description -> . WORD
    (72) description -> . SLASH
    (73) description -> . cross
    (74) description -> . title
    (75) description -> . MINUS
    (76) description -> . APOSTROPHE
    (77) description -> . parenthese
    (29) cross -> . SPA CROSS EPA
    (30) title -> . WORD SS WORD ES

    WORD            shift and go to state 26
    SPA             shift and go to state 32
    SSB             shift and go to state 33
    SLASH           shift and go to state 27
    MINUS           shift and go to state 30
    APOSTROPHE      shift and go to state 31

    word                           shift and go to state 100
    descriptions                   shift and go to state 101
    parenthese                     shift and go to state 19
    description                    shift and go to state 20
    cross                          shift and go to state 28
    title                          shift and go to state 29

state 80

    (24) person -> SSC descriptions ESC .

    EP              reduce using rule 24 (person -> SSC descriptions ESC .)
    SEP             reduce using rule 24 (person -> SSC descriptions ESC .)
    EPA             reduce using rule 24 (person -> SSC descriptions ESC .)


state 81

    (27) person -> SSC descriptions SEP . word ESC
    (28) person -> SSC descriptions SEP . descriptions ESC
    (52) word -> . WORD
    (53) word -> . parenthese
    (67) descriptions -> . description
    (68) descriptions -> . description moredescription
    (54) parenthese -> . SPA parenthesecontents EPA
    (55) parenthese -> . SSB parenthesecontents ESB
    (56) parenthese -> . SPA voirs EPA
    (71) description -> . WORD
    (72) description -> . SLASH
    (73) description -> . cross
    (74) description -> . title
    (75) description -> . MINUS
    (76) description -> . APOSTROPHE
    (77) description -> . parenthese
    (29) cross -> . SPA CROSS EPA
    (30) title -> . WORD SS WORD ES

    WORD            shift and go to state 26
    SPA             shift and go to state 32
    SSB             shift and go to state 33
    SLASH           shift and go to state 27
    MINUS           shift and go to state 30
    APOSTROPHE      shift and go to state 31

    descriptions                   shift and go to state 102
    word                           shift and go to state 103
    parenthese                     shift and go to state 19
    description                    shift and go to state 20
    cross                          shift and go to state 28
    title                          shift and go to state 29

state 82

    (37) numberminus -> NUMBERP MINUS NUMBERP .

    EP              reduce using rule 37 (numberminus -> NUMBERP MINUS NUMBERP .)
    SEP             reduce using rule 37 (numberminus -> NUMBERP MINUS NUMBERP .)
    EPA             reduce using rule 37 (numberminus -> NUMBERP MINUS NUMBERP .)


state 83

    (36) numberminus -> NUMBERP MINUS NUMBER .

    EP              reduce using rule 36 (numberminus -> NUMBERP MINUS NUMBER .)
    SEP             reduce using rule 36 (numberminus -> NUMBERP MINUS NUMBER .)
    EPA             reduce using rule 36 (numberminus -> NUMBERP MINUS NUMBER .)


state 84

    (34) numberminus -> NUMBER MINUS NUMBER .

    EP              reduce using rule 34 (numberminus -> NUMBER MINUS NUMBER .)
    SEP             reduce using rule 34 (numberminus -> NUMBER MINUS NUMBER .)
    EPA             reduce using rule 34 (numberminus -> NUMBER MINUS NUMBER .)


state 85

    (35) numberminus -> NUMBER MINUS NUMBERP .

    EP              reduce using rule 35 (numberminus -> NUMBER MINUS NUMBERP .)
    SEP             reduce using rule 35 (numberminus -> NUMBER MINUS NUMBERP .)
    EPA             reduce using rule 35 (numberminus -> NUMBER MINUS NUMBERP .)


state 86

    (38) voirs -> VOIR AUSSI rest_voir_aussis .

    EP              reduce using rule 38 (voirs -> VOIR AUSSI rest_voir_aussis .)
    SEP             reduce using rule 38 (voirs -> VOIR AUSSI rest_voir_aussis .)
    EPA             reduce using rule 38 (voirs -> VOIR AUSSI rest_voir_aussis .)


state 87

    (41) rest_voir_aussis -> exp SEP . rest_voir_aussis
    (40) rest_voir_aussis -> . exp
    (41) rest_voir_aussis -> . exp SEP rest_voir_aussis
    (12) exp -> . common
    (13) exp -> . common_bold
    (14) exp -> . place
    (15) exp -> . descriptions
    (16) exp -> . person
    (17) exp -> . page
    (18) exp -> . voirs
    (20) common -> . word
    (19) common_bold -> . SSTRONG words ESTRONG
    (21) place -> . SEM words EEM
    (22) place -> . SEM words EEM parenthese
    (67) descriptions -> . description
    (68) descriptions -> . description moredescription
    (23) person -> . SSC word ESC
    (24) person -> . SSC descriptions ESC
    (25) person -> . SSC word SEP word ESC
    (26) person -> . SSC word SEP descriptions ESC
    (27) person -> . SSC descriptions SEP word ESC
    (28) person -> . SSC descriptions SEP descriptions ESC
    (31) page -> . numberminus
    (32) page -> . NUMBERP
    (33) page -> . NUMBER
    (38) voirs -> . VOIR AUSSI rest_voir_aussis
    (39) voirs -> . VOIR rest_voir_aussis
    (52) word -> . WORD
    (53) word -> . parenthese
    (71) description -> . WORD
    (72) description -> . SLASH
    (73) description -> . cross
    (74) description -> . title
    (75) description -> . MINUS
    (76) description -> . APOSTROPHE
    (77) description -> . parenthese
    (34) numberminus -> . NUMBER MINUS NUMBER
    (35) numberminus -> . NUMBER MINUS NUMBERP
    (36) numberminus -> . NUMBERP MINUS NUMBER
    (37) numberminus -> . NUMBERP MINUS NUMBERP
    (54) parenthese -> . SPA parenthesecontents EPA
    (55) parenthese -> . SSB parenthesecontents ESB
    (56) parenthese -> . SPA voirs EPA
    (29) cross -> . SPA CROSS EPA
    (30) title -> . WORD SS WORD ES

    SSTRONG         shift and go to state 17
    SEM             shift and go to state 18
    SSC             shift and go to state 21
    NUMBERP         shift and go to state 23
    NUMBER          shift and go to state 24
    VOIR            shift and go to state 25
    WORD            shift and go to state 26
    SLASH           shift and go to state 27
    MINUS           shift and go to state 30
    APOSTROPHE      shift and go to state 31
    SPA             shift and go to state 32
    SSB             shift and go to state 33

    exp                            shift and go to state 56
    rest_voir_aussis               shift and go to state 104
    common                         shift and go to state 9
    common_bold                    shift and go to state 10
    place                          shift and go to state 11
    descriptions                   shift and go to state 12
    person                         shift and go to state 13
    page                           shift and go to state 14
    voirs                          shift and go to state 15
    word                           shift and go to state 16
    parenthese                     shift and go to state 19
    description                    shift and go to state 20
    numberminus                    shift and go to state 22
    cross                          shift and go to state 28
    title                          shift and go to state 29

state 88

    (30) title -> WORD SS WORD . ES

    ES              shift and go to state 105


state 89

    (54) parenthese -> SPA parenthesecontents EPA .

    EP              reduce using rule 54 (parenthese -> SPA parenthesecontents EPA .)
    SEP             reduce using rule 54 (parenthese -> SPA parenthesecontents EPA .)
    WORD            reduce using rule 54 (parenthese -> SPA parenthesecontents EPA .)
    SLASH           reduce using rule 54 (parenthese -> SPA parenthesecontents EPA .)
    MINUS           reduce using rule 54 (parenthese -> SPA parenthesecontents EPA .)
    APOSTROPHE      reduce using rule 54 (parenthese -> SPA parenthesecontents EPA .)
    SPA             reduce using rule 54 (parenthese -> SPA parenthesecontents EPA .)
    SSB             reduce using rule 54 (parenthese -> SPA parenthesecontents EPA .)
    ESTRONG         reduce using rule 54 (parenthese -> SPA parenthesecontents EPA .)
    EEM             reduce using rule 54 (parenthese -> SPA parenthesecontents EPA .)
    ESC             reduce using rule 54 (parenthese -> SPA parenthesecontents EPA .)
    EPA             reduce using rule 54 (parenthese -> SPA parenthesecontents EPA .)
    DOT             reduce using rule 54 (parenthese -> SPA parenthesecontents EPA .)
    NUMBER          reduce using rule 54 (parenthese -> SPA parenthesecontents EPA .)
    ESB             reduce using rule 54 (parenthese -> SPA parenthesecontents EPA .)


state 90

    (56) parenthese -> SPA voirs EPA .

    EP              reduce using rule 56 (parenthese -> SPA voirs EPA .)
    SEP             reduce using rule 56 (parenthese -> SPA voirs EPA .)
    WORD            reduce using rule 56 (parenthese -> SPA voirs EPA .)
    SLASH           reduce using rule 56 (parenthese -> SPA voirs EPA .)
    MINUS           reduce using rule 56 (parenthese -> SPA voirs EPA .)
    APOSTROPHE      reduce using rule 56 (parenthese -> SPA voirs EPA .)
    SPA             reduce using rule 56 (parenthese -> SPA voirs EPA .)
    SSB             reduce using rule 56 (parenthese -> SPA voirs EPA .)
    ESTRONG         reduce using rule 56 (parenthese -> SPA voirs EPA .)
    EEM             reduce using rule 56 (parenthese -> SPA voirs EPA .)
    ESC             reduce using rule 56 (parenthese -> SPA voirs EPA .)
    EPA             reduce using rule 56 (parenthese -> SPA voirs EPA .)
    DOT             reduce using rule 56 (parenthese -> SPA voirs EPA .)
    NUMBER          reduce using rule 56 (parenthese -> SPA voirs EPA .)
    ESB             reduce using rule 56 (parenthese -> SPA voirs EPA .)


state 91

    (29) cross -> SPA CROSS EPA .

    WORD            reduce using rule 29 (cross -> SPA CROSS EPA .)
    SLASH           reduce using rule 29 (cross -> SPA CROSS EPA .)
    MINUS           reduce using rule 29 (cross -> SPA CROSS EPA .)
    APOSTROPHE      reduce using rule 29 (cross -> SPA CROSS EPA .)
    SPA             reduce using rule 29 (cross -> SPA CROSS EPA .)
    SSB             reduce using rule 29 (cross -> SPA CROSS EPA .)
    EP              reduce using rule 29 (cross -> SPA CROSS EPA .)
    SEP             reduce using rule 29 (cross -> SPA CROSS EPA .)
    ESC             reduce using rule 29 (cross -> SPA CROSS EPA .)
    EPA             reduce using rule 29 (cross -> SPA CROSS EPA .)


state 92

    (59) moreparenthesecontent -> parenthesecontent .
    (60) moreparenthesecontent -> parenthesecontent . moreparenthesecontent
    (59) moreparenthesecontent -> . parenthesecontent
    (60) moreparenthesecontent -> . parenthesecontent moreparenthesecontent
    (61) parenthesecontent -> . words
    (62) parenthesecontent -> . DOT
    (63) parenthesecontent -> . SEP
    (64) parenthesecontent -> . MINUS
    (65) parenthesecontent -> . APOSTROPHE
    (66) parenthesecontent -> . NUMBER
    (46) words -> . word
    (47) words -> . word moreword
    (48) words -> . word SEP moreword
    (52) word -> . WORD
    (53) word -> . parenthese
    (54) parenthese -> . SPA parenthesecontents EPA
    (55) parenthese -> . SSB parenthesecontents ESB
    (56) parenthese -> . SPA voirs EPA

    EPA             reduce using rule 59 (moreparenthesecontent -> parenthesecontent .)
    ESB             reduce using rule 59 (moreparenthesecontent -> parenthesecontent .)
    DOT             shift and go to state 63
    SEP             shift and go to state 64
    MINUS           shift and go to state 65
    APOSTROPHE      shift and go to state 66
    NUMBER          shift and go to state 67
    WORD            shift and go to state 41
    SPA             shift and go to state 43
    SSB             shift and go to state 33

    parenthesecontent              shift and go to state 92
    moreparenthesecontent          shift and go to state 106
    words                          shift and go to state 62
    word                           shift and go to state 40
    parenthese                     shift and go to state 42

state 93

    (58) parenthesecontents -> parenthesecontent moreparenthesecontent .

    EPA             reduce using rule 58 (parenthesecontents -> parenthesecontent moreparenthesecontent .)
    ESB             reduce using rule 58 (parenthesecontents -> parenthesecontent moreparenthesecontent .)


state 94

    (55) parenthese -> SSB parenthesecontents ESB .

    EP              reduce using rule 55 (parenthese -> SSB parenthesecontents ESB .)
    SEP             reduce using rule 55 (parenthese -> SSB parenthesecontents ESB .)
    WORD            reduce using rule 55 (parenthese -> SSB parenthesecontents ESB .)
    SLASH           reduce using rule 55 (parenthese -> SSB parenthesecontents ESB .)
    MINUS           reduce using rule 55 (parenthese -> SSB parenthesecontents ESB .)
    APOSTROPHE      reduce using rule 55 (parenthese -> SSB parenthesecontents ESB .)
    SPA             reduce using rule 55 (parenthese -> SSB parenthesecontents ESB .)
    SSB             reduce using rule 55 (parenthese -> SSB parenthesecontents ESB .)
    ESTRONG         reduce using rule 55 (parenthese -> SSB parenthesecontents ESB .)
    EEM             reduce using rule 55 (parenthese -> SSB parenthesecontents ESB .)
    ESC             reduce using rule 55 (parenthese -> SSB parenthesecontents ESB .)
    EPA             reduce using rule 55 (parenthese -> SSB parenthesecontents ESB .)
    DOT             reduce using rule 55 (parenthese -> SSB parenthesecontents ESB .)
    NUMBER          reduce using rule 55 (parenthese -> SSB parenthesecontents ESB .)
    ESB             reduce using rule 55 (parenthese -> SSB parenthesecontents ESB .)


state 95

    (11) moreexp -> exp SEP . moreexp
    (10) moreexp -> . exp
    (11) moreexp -> . exp SEP moreexp
    (12) exp -> . common
    (13) exp -> . common_bold
    (14) exp -> . place
    (15) exp -> . descriptions
    (16) exp -> . person
    (17) exp -> . page
    (18) exp -> . voirs
    (20) common -> . word
    (19) common_bold -> . SSTRONG words ESTRONG
    (21) place -> . SEM words EEM
    (22) place -> . SEM words EEM parenthese
    (67) descriptions -> . description
    (68) descriptions -> . description moredescription
    (23) person -> . SSC word ESC
    (24) person -> . SSC descriptions ESC
    (25) person -> . SSC word SEP word ESC
    (26) person -> . SSC word SEP descriptions ESC
    (27) person -> . SSC descriptions SEP word ESC
    (28) person -> . SSC descriptions SEP descriptions ESC
    (31) page -> . numberminus
    (32) page -> . NUMBERP
    (33) page -> . NUMBER
    (38) voirs -> . VOIR AUSSI rest_voir_aussis
    (39) voirs -> . VOIR rest_voir_aussis
    (52) word -> . WORD
    (53) word -> . parenthese
    (71) description -> . WORD
    (72) description -> . SLASH
    (73) description -> . cross
    (74) description -> . title
    (75) description -> . MINUS
    (76) description -> . APOSTROPHE
    (77) description -> . parenthese
    (34) numberminus -> . NUMBER MINUS NUMBER
    (35) numberminus -> . NUMBER MINUS NUMBERP
    (36) numberminus -> . NUMBERP MINUS NUMBER
    (37) numberminus -> . NUMBERP MINUS NUMBERP
    (54) parenthese -> . SPA parenthesecontents EPA
    (55) parenthese -> . SSB parenthesecontents ESB
    (56) parenthese -> . SPA voirs EPA
    (29) cross -> . SPA CROSS EPA
    (30) title -> . WORD SS WORD ES

    SSTRONG         shift and go to state 17
    SEM             shift and go to state 18
    SSC             shift and go to state 21
    NUMBERP         shift and go to state 23
    NUMBER          shift and go to state 24
    VOIR            shift and go to state 25
    WORD            shift and go to state 26
    SLASH           shift and go to state 27
    MINUS           shift and go to state 30
    APOSTROPHE      shift and go to state 31
    SPA             shift and go to state 32
    SSB             shift and go to state 33

    exp                            shift and go to state 70
    moreexp                        shift and go to state 107
    common                         shift and go to state 9
    common_bold                    shift and go to state 10
    place                          shift and go to state 11
    descriptions                   shift and go to state 12
    person                         shift and go to state 13
    page                           shift and go to state 14
    voirs                          shift and go to state 15
    word                           shift and go to state 16
    parenthese                     shift and go to state 19
    description                    shift and go to state 20
    numberminus                    shift and go to state 22
    cross                          shift and go to state 28
    title                          shift and go to state 29

state 96

    (50) moreword -> word moreword .

    ESTRONG         reduce using rule 50 (moreword -> word moreword .)
    EEM             reduce using rule 50 (moreword -> word moreword .)
    DOT             reduce using rule 50 (moreword -> word moreword .)
    SEP             reduce using rule 50 (moreword -> word moreword .)
    MINUS           reduce using rule 50 (moreword -> word moreword .)
    APOSTROPHE      reduce using rule 50 (moreword -> word moreword .)
    NUMBER          reduce using rule 50 (moreword -> word moreword .)
    WORD            reduce using rule 50 (moreword -> word moreword .)
    SPA             reduce using rule 50 (moreword -> word moreword .)
    SSB             reduce using rule 50 (moreword -> word moreword .)
    EPA             reduce using rule 50 (moreword -> word moreword .)
    ESB             reduce using rule 50 (moreword -> word moreword .)


state 97

    (51) moreword -> word SEP . moreword
    (49) moreword -> . word
    (50) moreword -> . word moreword
    (51) moreword -> . word SEP moreword
    (52) word -> . WORD
    (53) word -> . parenthese
    (54) parenthese -> . SPA parenthesecontents EPA
    (55) parenthese -> . SSB parenthesecontents ESB
    (56) parenthese -> . SPA voirs EPA

    WORD            shift and go to state 41
    SPA             shift and go to state 43
    SSB             shift and go to state 33

    word                           shift and go to state 73
    moreword                       shift and go to state 108
    parenthese                     shift and go to state 42

state 98

    (48) words -> word SEP moreword .

    ESTRONG         reduce using rule 48 (words -> word SEP moreword .)
    EEM             reduce using rule 48 (words -> word SEP moreword .)
    DOT             reduce using rule 48 (words -> word SEP moreword .)
    SEP             reduce using rule 48 (words -> word SEP moreword .)
    MINUS           reduce using rule 48 (words -> word SEP moreword .)
    APOSTROPHE      reduce using rule 48 (words -> word SEP moreword .)
    NUMBER          reduce using rule 48 (words -> word SEP moreword .)
    WORD            reduce using rule 48 (words -> word SEP moreword .)
    SPA             reduce using rule 48 (words -> word SEP moreword .)
    SSB             reduce using rule 48 (words -> word SEP moreword .)
    EPA             reduce using rule 48 (words -> word SEP moreword .)
    ESB             reduce using rule 48 (words -> word SEP moreword .)


state 99

    (22) place -> SEM words EEM parenthese .

    EP              reduce using rule 22 (place -> SEM words EEM parenthese .)
    SEP             reduce using rule 22 (place -> SEM words EEM parenthese .)
    EPA             reduce using rule 22 (place -> SEM words EEM parenthese .)


state 100

    (25) person -> SSC word SEP word . ESC

    ESC             shift and go to state 109


state 101

    (26) person -> SSC word SEP descriptions . ESC

    ESC             shift and go to state 110


state 102

    (28) person -> SSC descriptions SEP descriptions . ESC

    ESC             shift and go to state 111


state 103

    (27) person -> SSC descriptions SEP word . ESC

    ESC             shift and go to state 112


state 104

    (41) rest_voir_aussis -> exp SEP rest_voir_aussis .

    SEP             reduce using rule 41 (rest_voir_aussis -> exp SEP rest_voir_aussis .)
    EP              reduce using rule 41 (rest_voir_aussis -> exp SEP rest_voir_aussis .)
    EPA             reduce using rule 41 (rest_voir_aussis -> exp SEP rest_voir_aussis .)


state 105

    (30) title -> WORD SS WORD ES .

    WORD            reduce using rule 30 (title -> WORD SS WORD ES .)
    SLASH           reduce using rule 30 (title -> WORD SS WORD ES .)
    MINUS           reduce using rule 30 (title -> WORD SS WORD ES .)
    APOSTROPHE      reduce using rule 30 (title -> WORD SS WORD ES .)
    SPA             reduce using rule 30 (title -> WORD SS WORD ES .)
    SSB             reduce using rule 30 (title -> WORD SS WORD ES .)
    EP              reduce using rule 30 (title -> WORD SS WORD ES .)
    SEP             reduce using rule 30 (title -> WORD SS WORD ES .)
    ESC             reduce using rule 30 (title -> WORD SS WORD ES .)
    EPA             reduce using rule 30 (title -> WORD SS WORD ES .)


state 106

    (60) moreparenthesecontent -> parenthesecontent moreparenthesecontent .

    EPA             reduce using rule 60 (moreparenthesecontent -> parenthesecontent moreparenthesecontent .)
    ESB             reduce using rule 60 (moreparenthesecontent -> parenthesecontent moreparenthesecontent .)


state 107

    (11) moreexp -> exp SEP moreexp .

    EP              reduce using rule 11 (moreexp -> exp SEP moreexp .)


state 108

    (51) moreword -> word SEP moreword .

    ESTRONG         reduce using rule 51 (moreword -> word SEP moreword .)
    EEM             reduce using rule 51 (moreword -> word SEP moreword .)
    DOT             reduce using rule 51 (moreword -> word SEP moreword .)
    SEP             reduce using rule 51 (moreword -> word SEP moreword .)
    MINUS           reduce using rule 51 (moreword -> word SEP moreword .)
    APOSTROPHE      reduce using rule 51 (moreword -> word SEP moreword .)
    NUMBER          reduce using rule 51 (moreword -> word SEP moreword .)
    WORD            reduce using rule 51 (moreword -> word SEP moreword .)
    SPA             reduce using rule 51 (moreword -> word SEP moreword .)
    SSB             reduce using rule 51 (moreword -> word SEP moreword .)
    EPA             reduce using rule 51 (moreword -> word SEP moreword .)
    ESB             reduce using rule 51 (moreword -> word SEP moreword .)


state 109

    (25) person -> SSC word SEP word ESC .

    EP              reduce using rule 25 (person -> SSC word SEP word ESC .)
    SEP             reduce using rule 25 (person -> SSC word SEP word ESC .)
    EPA             reduce using rule 25 (person -> SSC word SEP word ESC .)


state 110

    (26) person -> SSC word SEP descriptions ESC .

    EP              reduce using rule 26 (person -> SSC word SEP descriptions ESC .)
    SEP             reduce using rule 26 (person -> SSC word SEP descriptions ESC .)
    EPA             reduce using rule 26 (person -> SSC word SEP descriptions ESC .)


state 111

    (28) person -> SSC descriptions SEP descriptions ESC .

    EP              reduce using rule 28 (person -> SSC descriptions SEP descriptions ESC .)
    SEP             reduce using rule 28 (person -> SSC descriptions SEP descriptions ESC .)
    EPA             reduce using rule 28 (person -> SSC descriptions SEP descriptions ESC .)


state 112

    (27) person -> SSC descriptions SEP word ESC .

    EP              reduce using rule 27 (person -> SSC descriptions SEP word ESC .)
    SEP             reduce using rule 27 (person -> SSC descriptions SEP word ESC .)
    EPA             reduce using rule 27 (person -> SSC descriptions SEP word ESC .)

WARNING: 
WARNING: Conflicts:
WARNING: 
WARNING: shift/reduce conflict for EP in state 7 resolved as shift
WARNING: shift/reduce conflict for SEP in state 40 resolved as shift
WARNING: shift/reduce conflict for WORD in state 40 resolved as shift
WARNING: shift/reduce conflict for SPA in state 40 resolved as shift
WARNING: shift/reduce conflict for SSB in state 40 resolved as shift
WARNING: shift/reduce conflict for SEP in state 56 resolved as shift
WARNING: shift/reduce conflict for SEP in state 73 resolved as shift
WARNING: shift/reduce conflict for WORD in state 73 resolved as shift
WARNING: shift/reduce conflict for SPA in state 73 resolved as shift
WARNING: shift/reduce conflict for SSB in state 73 resolved as shift
WARNING: reduce/reduce conflict in state 19 resolved using rule (word -> parenthese)
WARNING: rejected rule (description -> parenthese) in state 19
WARNING: reduce/reduce conflict in state 26 resolved using rule (word -> WORD)
WARNING: rejected rule (description -> WORD) in state 26
